<?xml version="1.0" encoding="UTF-8"?>
<!-- Generated by org.testng.reporters.JUnitReportReporter -->
<testsuite hostname="HP-PC" failures="0" tests="2" name="neOStoxTest.ValidateUserNameAndFundsusingPropertyTest" time="19.853" errors="0" timestamp="2022-12-17T13:52:32 IST" skipped="0">
  <testcase classname="neOStoxTest.ValidateUserNameAndFundsusingPropertyTest" name="getFunds" time="11.326"/>
  <system-out>
funds are Rs.5,00,000.00 tc is passed  </system-out>
  <testcase classname="neOStoxTest.ValidateUserNameAndFundsusingPropertyTest" name="validateUserName" time="8.527"/>
  <system-out>
tc is passed  </system-out>
</testsuite> <!-- neOStoxTest.ValidateUserNameAndFundsusingPropertyTest -->
